SF:lib/src/core/common_domains/models/success_model.dart
DA:4,1
LF:1
LH:1
end_of_record
SF:lib/src/vocabulary/core/failures.dart
DA:7,4
LF:1
LH:1
end_of_record
SF:lib/src/vocabulary/domain/entities/get_words_response.dart
DA:10,1
DA:18,0
DA:19,0
DA:20,0
DA:21,0
DA:22,0
DA:23,0
DA:24,0
LF:8
LH:1
end_of_record
SF:lib/src/vocabulary/domain/entities/word.dart
DA:10,2
DA:15,4
DA:16,4
DA:18,1
DA:19,5
LF:5
LH:5
end_of_record
SF:lib/src/vocabulary/domain/entities/word_details.dart
DA:20,1
LF:1
LH:1
end_of_record
SF:lib/src/vocabulary/infrastructure/models/get_words_response_model.dart
DA:4,1
DA:12,0
DA:13,0
DA:14,0
DA:15,0
DA:16,0
DA:17,0
DA:18,0
LF:8
LH:1
end_of_record
SF:lib/src/vocabulary/infrastructure/models/word_details_model.dart
DA:6,1
DA:14,0
DA:15,0
DA:16,0
DA:17,0
DA:18,0
DA:19,0
DA:20,0
DA:24,0
DA:25,0
DA:26,0
DA:27,0
DA:28,0
DA:29,0
DA:30,0
LF:15
LH:1
end_of_record
SF:lib/src/vocabulary/infrastructure/models/word_model.dart
DA:4,2
DA:11,1
DA:12,1
DA:13,1
DA:14,1
DA:15,1
DA:16,1
DA:20,0
DA:21,0
DA:22,0
DA:23,0
DA:24,0
DA:25,0
LF:13
LH:7
end_of_record
SF:lib/src/vocabulary/infrastructure/repository/vocabulary_repository.dart
DA:19,1
DA:24,1
DA:30,2
DA:32,1
DA:34,2
DA:36,1
DA:37,2
DA:38,1
DA:40,3
DA:42,1
DA:43,2
DA:45,1
DA:49,1
DA:54,0
DA:58,1
DA:63,1
DA:64,1
DA:65,2
DA:66,1
DA:67,1
DA:69,1
DA:74,1
DA:81,1
DA:82,1
DA:83,2
DA:85,1
DA:86,1
DA:88,1
DA:93,1
DA:100,1
DA:101,1
DA:102,2
DA:103,1
DA:104,1
DA:107,1
DA:112,0
DA:116,0
DA:119,0
DA:126,0
DA:129,0
DA:133,0
DA:136,0
DA:140,0
DA:143,0
DA:147,0
DA:150,0
DA:154,0
DA:157,0
DA:161,0
DA:164,0
DA:171,0
DA:174,0
DA:181,0
DA:184,0
DA:191,0
DA:194,1
DA:198,1
DA:199,1
DA:200,2
DA:201,1
DA:202,1
DA:203,1
DA:206,3
DA:208,1
LF:64
LH:43
end_of_record
SF:lib/src/vocabulary/infrastructure/repository/wordlists_csv_parsers/csv_parser.dart
DA:11,0
DA:23,1
LF:2
LH:1
end_of_record
SF:lib/src/vocabulary/infrastructure/repository/words_lists/base_words_list.dart
DA:9,0
LF:1
LH:0
end_of_record
SF:lib/src/core/common_domains/entities/success.dart
DA:6,3
DA:8,0
DA:9,0
LF:3
LH:1
end_of_record
SF:lib/src/core/errors.dart
DA:6,1
DA:8,0
DA:12,0
LF:3
LH:1
end_of_record
SF:lib/src/core/value_object.dart
DA:11,1
DA:16,1
DA:18,4
DA:21,1
DA:22,2
DA:25,0
DA:26,0
DA:27,0
DA:28,0
DA:32,0
DA:34,0
DA:37,0
DA:40,0
DA:43,0
DA:44,0
DA:46,0
DA:47,0
LF:17
LH:5
end_of_record
SF:lib/src/vocabulary/domain/value_objects/limit.dart
DA:10,1
DA:11,1
DA:12,1
DA:16,1
DA:18,1
DA:19,1
DA:20,1
DA:23,1
DA:24,1
DA:27,1
LF:10
LH:10
end_of_record
SF:lib/src/vocabulary/domain/value_objects/offset.dart
DA:9,1
DA:10,1
DA:11,1
DA:15,1
DA:17,1
DA:18,1
DA:19,1
DA:22,1
LF:8
LH:8
end_of_record
SF:lib/src/vocabulary/infrastructure/repository/wordlists_csv_parsers/wordlist_parser.dart
DA:7,0
LF:1
LH:0
end_of_record
