SF:lib/src/vocabulary/domain/entities/word.dart
DA:11,2
DA:16,4
DA:18,1
DA:19,5
LF:4
LH:4
end_of_record
SF:lib/src/vocabulary/domain/value_objects/word.dart
DA:9,2
DA:10,2
DA:11,6
DA:15,0
DA:17,2
DA:19,2
DA:20,2
DA:21,2
DA:28,2
DA:29,0
DA:38,2
DA:39,2
DA:40,4
DA:46,2
LF:14
LH:12
end_of_record
SF:lib/src/vocabulary/infrastructure/models/word_model.dart
DA:5,2
DA:12,1
DA:13,1
DA:14,2
DA:15,1
DA:16,1
DA:17,1
DA:21,0
DA:22,0
DA:23,0
DA:24,0
DA:25,0
DA:26,0
LF:13
LH:7
end_of_record
SF:lib/src/core/common_domains/entities/success.dart
DA:6,3
DA:8,0
DA:9,0
LF:3
LH:1
end_of_record
SF:lib/src/core/common_domains/models/success_model.dart
DA:4,1
LF:1
LH:1
end_of_record
SF:lib/src/core/errors.dart
DA:6,1
DA:8,0
DA:12,0
LF:3
LH:1
end_of_record
SF:lib/src/core/value_object.dart
DA:11,2
DA:16,1
DA:18,4
DA:21,1
DA:22,2
DA:25,0
DA:26,0
DA:27,0
DA:28,0
DA:32,0
DA:34,0
DA:37,1
DA:40,4
DA:43,0
DA:44,0
DA:46,0
DA:47,0
LF:17
LH:7
end_of_record
SF:lib/src/vocabulary/core/failures.dart
DA:7,4
LF:1
LH:1
end_of_record
SF:lib/src/vocabulary/domain/entities/get_words_response.dart
DA:10,1
DA:18,0
DA:19,0
DA:20,0
DA:21,0
DA:22,0
DA:23,0
DA:24,0
LF:8
LH:1
end_of_record
SF:lib/src/vocabulary/domain/entities/word_details.dart
DA:20,1
LF:1
LH:1
end_of_record
SF:lib/src/vocabulary/domain/value_objects/limit.dart
DA:10,1
DA:11,1
DA:12,1
DA:16,1
DA:18,1
DA:19,1
DA:20,1
DA:23,1
DA:24,1
DA:27,1
LF:10
LH:10
end_of_record
SF:lib/src/vocabulary/domain/value_objects/offset.dart
DA:9,1
DA:10,1
DA:11,1
DA:15,1
DA:17,1
DA:18,1
DA:19,1
DA:22,1
LF:8
LH:8
end_of_record
SF:lib/src/vocabulary/infrastructure/models/get_words_response_model.dart
DA:4,1
DA:12,0
DA:13,0
DA:14,0
DA:15,0
DA:16,0
DA:17,0
DA:18,0
LF:8
LH:1
end_of_record
SF:lib/src/vocabulary/infrastructure/models/word_details_model.dart
DA:6,1
DA:14,0
DA:15,0
DA:16,0
DA:17,0
DA:18,0
DA:19,0
DA:20,0
DA:24,0
DA:25,0
DA:26,0
DA:27,0
DA:28,0
DA:29,0
DA:30,0
LF:15
LH:1
end_of_record
SF:lib/src/vocabulary/infrastructure/repository/vocabulary_repository.dart
DA:20,1
DA:25,1
DA:31,2
DA:33,1
DA:35,2
DA:37,1
DA:38,2
DA:39,1
DA:41,3
DA:43,1
DA:44,2
DA:46,1
DA:50,1
DA:55,0
DA:59,1
DA:64,1
DA:65,1
DA:66,2
DA:67,1
DA:68,1
DA:70,1
DA:75,1
DA:82,1
DA:83,1
DA:84,2
DA:86,1
DA:87,1
DA:89,1
DA:94,1
DA:101,1
DA:102,1
DA:103,1
DA:104,2
DA:105,1
DA:106,1
DA:114,1
DA:118,1
DA:119,1
DA:120,1
DA:121,2
DA:122,1
DA:129,1
DA:133,1
DA:134,1
DA:135,1
DA:136,2
DA:137,1
DA:144,1
DA:147,1
DA:148,1
DA:149,1
DA:150,2
DA:151,1
DA:158,1
DA:162,1
DA:163,1
DA:164,1
DA:165,2
DA:166,1
DA:173,1
DA:177,1
DA:178,1
DA:179,1
DA:180,2
DA:181,1
DA:188,1
DA:192,1
DA:193,1
DA:194,1
DA:195,2
DA:196,1
DA:203,0
DA:207,0
DA:210,0
DA:217,0
DA:220,0
DA:225,0
DA:228,0
DA:233,0
DA:236,0
DA:241,0
DA:244,1
DA:248,1
DA:249,1
DA:250,2
DA:251,1
DA:252,1
DA:253,1
DA:256,3
DA:258,1
LF:90
LH:79
end_of_record
SF:lib/src/vocabulary/infrastructure/repository/wordlists_csv_parsers/csv_parser.dart
DA:11,0
DA:23,1
LF:2
LH:1
end_of_record
SF:lib/src/vocabulary/infrastructure/repository/words_lists/base_words_list.dart
DA:9,0
LF:1
LH:0
end_of_record
SF:lib/src/vocabulary/infrastructure/repository/wordlists_csv_parsers/wordlist_parser.dart
DA:7,0
LF:1
LH:0
end_of_record
